WARNING: A terminally deprecated method in sun.misc.Unsafe has been called
WARNING: sun.misc.Unsafe::staticFieldBase has been called by com.google.inject.internal.aop.HiddenClassDefiner (file:/C:/Users/cheikh/.m2/wrapper/dists/apache-maven-3.9.11/03d7e36a140982eea48e22c1dcac01d8862b2550b2939e09a0809bbc5182a5bc/lib/guice-5.1.0-classes.jar)
WARNING: Please consider reporting this to the maintainers of class com.google.inject.internal.aop.HiddenClassDefiner
WARNING: sun.misc.Unsafe::staticFieldBase will be removed in a future release
[INFO] Scanning for projects...
[INFO] 
[INFO] -------------------------< com.skk:jdsbackend >-------------------------
[INFO] Building jdsbackend 0.0.1-SNAPSHOT
[INFO]   from pom.xml
[INFO] --------------------------------[ jar ]---------------------------------
[INFO] 
[INFO] >>> spring-boot:4.0.0:run (default-cli) > test-compile @ jdsbackend >>>
[INFO] 
[INFO] --- resources:3.3.1:resources (default-resources) @ jdsbackend ---
[INFO] Copying 1 resource from src\main\resources to target\classes
[INFO] Copying 0 resource from src\main\resources to target\classes
[INFO] 
[INFO] --- compiler:3.14.1:compile (default-compile) @ jdsbackend ---
[INFO] Nothing to compile - all classes are up to date.
[INFO] 
[INFO] --- resources:3.3.1:testResources (default-testResources) @ jdsbackend ---
[INFO] skip non existing resourceDirectory C:\Users\cheikh\Documents\java\jdsbackend\src\test\resources
[INFO] 
[INFO] --- compiler:3.14.1:testCompile (default-testCompile) @ jdsbackend ---
[INFO] Recompiling the module because of changed source code.
[INFO] Compiling 3 source files with javac [debug parameters release 25] to target\test-classes
[INFO] 
[INFO] <<< spring-boot:4.0.0:run (default-cli) < test-compile @ jdsbackend <<<
[INFO] 
[INFO] 
[INFO] --- spring-boot:4.0.0:run (default-cli) @ jdsbackend ---
[INFO] Attaching agents: []

  .   ____          _            __ _ _
 /\\ / ___'_ __ _ _(_)_ __  __ _ \ \ \ \
( ( )\___ | '_ | '_| | '_ \/ _` | \ \ \ \
 \\/  ___)| |_)| | | | | || (_| |  ) ) ) )
  '  |____| .__|_| |_|_| |_\__, | / / / /
 =========|_|==============|___/=/_/_/_/

 :: Spring Boot ::                (v4.0.0)

2026-01-14T19:41:21.716+01:00  INFO 24344 --- [jdsbackend] [  restartedMain] c.skk.jdsbackend.JdsbackendApplication   : Starting JdsbackendApplication using Java 25.0.1 with PID 24344 (C:\Users\cheikh\Documents\java\jdsbackend\target\classes started by cheikh in C:\Users\cheikh\Documents\java\jdsbackend)
2026-01-14T19:41:21.720+01:00  INFO 24344 --- [jdsbackend] [  restartedMain] c.skk.jdsbackend.JdsbackendApplication   : No active profile set, falling back to 1 default profile: "default"
2026-01-14T19:41:21.792+01:00  INFO 24344 --- [jdsbackend] [  restartedMain] .e.DevToolsPropertyDefaultsPostProcessor : Devtools property defaults active! Set 'spring.devtools.add-properties' to 'false' to disable
2026-01-14T19:41:21.792+01:00  INFO 24344 --- [jdsbackend] [  restartedMain] .e.DevToolsPropertyDefaultsPostProcessor : For additional web related logging consider setting the 'logging.level.web' property to 'DEBUG'
2026-01-14T19:41:23.122+01:00  INFO 24344 --- [jdsbackend] [  restartedMain] .s.d.r.c.RepositoryConfigurationDelegate : Bootstrapping Spring Data JPA repositories in DEFAULT mode.
2026-01-14T19:41:23.311+01:00  INFO 24344 --- [jdsbackend] [  restartedMain] .s.d.r.c.RepositoryConfigurationDelegate : Finished Spring Data repository scanning in 175 ms. Found 13 JPA repository interfaces.
2026-01-14T19:41:24.617+01:00  INFO 24344 --- [jdsbackend] [  restartedMain] o.s.boot.tomcat.TomcatWebServer          : Tomcat initialized with port 5000 (http)
2026-01-14T19:41:24.643+01:00  INFO 24344 --- [jdsbackend] [  restartedMain] o.apache.catalina.core.StandardService   : Starting service [Tomcat]
2026-01-14T19:41:24.644+01:00  INFO 24344 --- [jdsbackend] [  restartedMain] o.apache.catalina.core.StandardEngine    : Starting Servlet engine: [Apache Tomcat/11.0.14]
2026-01-14T19:41:24.708+01:00  INFO 24344 --- [jdsbackend] [  restartedMain] b.w.c.s.WebApplicationContextInitializer : Root WebApplicationContext: initialization completed in 2916 ms
2026-01-14T19:41:24.888+01:00  INFO 24344 --- [jdsbackend] [  restartedMain] o.hibernate.jpa.internal.util.LogHelper  : HHH000204: Processing PersistenceUnitInfo [name: default]
2026-01-14T19:41:25.106+01:00  INFO 24344 --- [jdsbackend] [  restartedMain] org.hibernate.Version                    : HHH000412: Hibernate ORM core version 7.1.8.Final
2026-01-14T19:41:25.807+01:00  INFO 24344 --- [jdsbackend] [  restartedMain] o.s.o.j.p.SpringPersistenceUnitInfo      : No LoadTimeWeaver setup: ignoring JPA class transformer
2026-01-14T19:41:25.855+01:00  INFO 24344 --- [jdsbackend] [  restartedMain] com.zaxxer.hikari.HikariDataSource       : HikariPool-1 - Starting...
2026-01-14T19:41:27.263+01:00  INFO 24344 --- [jdsbackend] [  restartedMain] com.zaxxer.hikari.pool.HikariPool        : HikariPool-1 - Added connection org.postgresql.jdbc.PgConnection@64551ae2
2026-01-14T19:41:27.264+01:00  INFO 24344 --- [jdsbackend] [  restartedMain] com.zaxxer.hikari.HikariDataSource       : HikariPool-1 - Start completed.
2026-01-14T19:41:27.403+01:00  WARN 24344 --- [jdsbackend] [  restartedMain] org.hibernate.orm.deprecation            : HHH90000025: PostgreSQLDialect does not need to be specified explicitly using 'hibernate.dialect' (remove the property setting and it will be selected by default)
2026-01-14T19:41:27.809+01:00  INFO 24344 --- [jdsbackend] [  restartedMain] org.hibernate.orm.connections.pooling    : HHH10001005: Database info:
	Database JDBC URL [jdbc:postgresql://ep-young-rain-ahbjxi2i-pooler.c-3.us-east-1.aws.neon.tech/neondb?user=neondb_owner&password=npg_cdgODRvrW93y&sslmode=require&channelBinding=require]
	Database driver: PostgreSQL JDBC Driver
	Database dialect: PostgreSQLDialect
	Database version: 17.7
	Default catalog/schema: neondb/public
	Autocommit mode: undefined/unknown
	Isolation level: READ_COMMITTED [default READ_COMMITTED]
	JDBC fetch size: none
	Pool: DatasourceConnectionProviderImpl
	Minimum pool size: undefined/unknown
	Maximum pool size: undefined/unknown
2026-01-14T19:41:29.973+01:00  INFO 24344 --- [jdsbackend] [  restartedMain] o.h.e.t.j.p.i.JtaPlatformInitiator       : HHH000489: No JTA platform available (set 'hibernate.transaction.jta.platform' to enable JTA platform integration)
2026-01-14T19:41:38.901+01:00  INFO 24344 --- [jdsbackend] [  restartedMain] j.LocalContainerEntityManagerFactoryBean : Initialized JPA EntityManagerFactory for persistence unit 'default'
2026-01-14T19:41:38.999+01:00  INFO 24344 --- [jdsbackend] [  restartedMain] o.s.d.j.r.query.QueryEnhancerFactories   : Hibernate is in classpath; If applicable, HQL parser will be used.
2026-01-14T19:41:40.796+01:00  INFO 24344 --- [jdsbackend] [  restartedMain] eAuthenticationProviderManagerConfigurer : Global AuthenticationManager configured with AuthenticationProvider bean with name authenticationProvider
2026-01-14T19:41:40.797+01:00  WARN 24344 --- [jdsbackend] [  restartedMain] r$InitializeUserDetailsManagerConfigurer : Global AuthenticationManager configured with an AuthenticationProvider bean. UserDetailsService beans will not be used by Spring Security for automatically configuring username/password login. Consider removing the AuthenticationProvider bean. Alternatively, consider using the UserDetailsService in a manually instantiated DaoAuthenticationProvider. If the current configuration is intentional, to turn off this warning, increase the logging level of 'org.springframework.security.config.annotation.authentication.configuration.InitializeUserDetailsBeanManagerConfigurer' to ERROR
2026-01-14T19:41:41.141+01:00  WARN 24344 --- [jdsbackend] [  restartedMain] JpaBaseConfiguration$JpaWebConfiguration : spring.jpa.open-in-view is enabled by default. Therefore, database queries may be performed during view rendering. Explicitly configure spring.jpa.open-in-view to disable this warning
2026-01-14T19:41:42.010+01:00  WARN 24344 --- [jdsbackend] [  restartedMain] ConfigServletWebServerApplicationContext : Exception encountered during context initialization - cancelling refresh attempt: org.springframework.context.ApplicationContextException: Failed to start bean 'webServerStartStop'
2026-01-14T19:41:42.013+01:00  INFO 24344 --- [jdsbackend] [  restartedMain] j.LocalContainerEntityManagerFactoryBean : Closing JPA EntityManagerFactory for persistence unit 'default'
2026-01-14T19:41:46.301+01:00  INFO 24344 --- [jdsbackend] [  restartedMain] com.zaxxer.hikari.HikariDataSource       : HikariPool-1 - Shutdown initiated...
2026-01-14T19:41:47.255+01:00  INFO 24344 --- [jdsbackend] [  restartedMain] com.zaxxer.hikari.HikariDataSource       : HikariPool-1 - Shutdown completed.
2026-01-14T19:41:47.268+01:00  INFO 24344 --- [jdsbackend] [  restartedMain] .s.b.a.l.ConditionEvaluationReportLogger : 

Error starting ApplicationContext. To display the condition evaluation report re-run your application with 'debug' enabled.
2026-01-14T19:41:47.292+01:00 ERROR 24344 --- [jdsbackend] [  restartedMain] o.s.b.d.LoggingFailureAnalysisReporter   : 

***************************
APPLICATION FAILED TO START
***************************

Description:

Web server failed to start. Port 5000 was already in use.

Action:

Identify and stop the process that's listening on port 5000 or configure this application to listen on another port.

[INFO] ------------------------------------------------------------------------
[INFO] BUILD SUCCESS
[INFO] ------------------------------------------------------------------------
[INFO] Total time:  34.513 s
[INFO] Finished at: 2026-01-14T19:41:47+01:00
[INFO] ------------------------------------------------------------------------
